%このファイルは日本語文字を含みます.
\BOOKMARK [1][-]{section.1}{目的}{}% 1
\BOOKMARK [1][-]{section.2}{演習内容}{}% 2
\BOOKMARK [2][-]{subsection.2.1}{演習１　光子を見る}{section.2}% 3
\BOOKMARK [2][-]{subsection.2.2}{演習２　干渉縞を観測する}{section.2}% 4
\BOOKMARK [2][-]{subsection.2.3}{演習３　1光子の干渉縞を測定する}{section.2}% 5
\BOOKMARK [1][-]{section.3}{原理}{}% 6
\BOOKMARK [2][-]{subsection.3.1}{光とは}{section.3}% 7
\BOOKMARK [2][-]{subsection.3.2}{光の干渉}{section.3}% 8
\BOOKMARK [3][-]{subsubsection.3.2.1}{線状光源}{subsection.3.2}% 9
\BOOKMARK [3][-]{subsubsection.3.2.2}{単スリット}{subsection.3.2}% 10
\BOOKMARK [3][-]{subsubsection.3.2.3}{2重スリット}{subsection.3.2}% 11
\BOOKMARK [3][-]{subsubsection.3.2.4}{参考文献}{subsection.3.2}% 12
\BOOKMARK [2][-]{subsection.3.3}{光子を数える}{section.3}% 13
\BOOKMARK [1][-]{section.4}{実験装置}{}% 14
\BOOKMARK [2][-]{subsection.4.1}{MPPC}{section.4}% 15
\BOOKMARK [2][-]{subsection.4.2}{EASIROC}{section.4}% 16
\BOOKMARK [2][-]{subsection.4.3}{データ収集の方法}{section.4}% 17
\BOOKMARK [1][-]{section.5}{データ解析}{}% 18
\BOOKMARK [2][-]{subsection.5.1}{MPPCで取得されるデータの解析}{section.5}% 19
\BOOKMARK [2][-]{subsection.5.2}{ROOTとは}{section.5}% 20
\BOOKMARK [3][-]{subsubsection.5.2.1}{Building ROOT}{subsection.5.2}% 21
\BOOKMARK [3][-]{subsubsection.5.2.2}{ROOTの起動方法}{subsection.5.2}% 22
\BOOKMARK [3][-]{subsubsection.5.2.3}{ヒストグラムの描き方}{subsection.5.2}% 23
\BOOKMARK [3][-]{subsubsection.5.2.4}{マクロの書き方}{subsection.5.2}% 24
\BOOKMARK [3][-]{subsubsection.5.2.5}{ヒストグラムのフィット}{subsection.5.2}% 25
\BOOKMARK [3][-]{subsubsection.5.2.6}{グラフの描き方}{subsection.5.2}% 26
\BOOKMARK [3][-]{subsubsection.5.2.7}{結果の保存}{subsection.5.2}% 27
\BOOKMARK [2][-]{subsection.5.3}{Poisson統計}{section.5}% 28
\BOOKMARK [2][-]{subsection.5.4}{干渉縞の再現}{section.5}% 29
\BOOKMARK [1][-]{section.6}{まとめ}{}% 30
